Arguments: 
  /usr/local/bin/node /usr/local/bin/yarn.js info CC

PATH: 
  /usr/local/bin/google-cloud-sdk/bin:/Users/blvkoblsk/.pub-cache/bin:/usr/local/opt/curl/bin:/usr/local/opt/openssl/bin:/Users/blvkoblsk/.yarn/bin:/usr/local/sbin:/usr/local/bin:/usr/local/bin:/usr/bin:/bin:/usr/sbin:/sbin:/usr/local/bin/node:/usr/local/bin/npm:/usr/local/bin/yarn

Yarn version: 
  1.7.0

Node version: 
  10.6.0

Platform: 
  darwin x64

Trace: 
  Error: https://registry.yarnpkg.com/CC: Not found
      at Request.params.callback [as _callback] (/usr/local/lib/cli.js:65656:18)
      at Request.self.callback (/usr/local/lib/cli.js:134675:22)
      at Request.emit (events.js:182:13)
      at Request.<anonymous> (/usr/local/lib/cli.js:135658:10)
      at Request.emit (events.js:182:13)
      at IncomingMessage.<anonymous> (/usr/local/lib/cli.js:135578:12)
      at Object.onceWrapper (events.js:273:13)
      at IncomingMessage.emit (events.js:187:15)
      at endReadableNT (_stream_readable.js:1081:12)
      at process._tickCallback (internal/process/next_tick.js:63:19)

npm manifest: 
  {
    "name": "siincss",
    "version": "1.0.0",
    "description": "siinCSS Custom Framework",
    "main": "index.js",
    "repository": "https://github.com/blvkoblsk/siincss.git",
    "author": "blvkoblsk <blvkoblsk@gmail.com>",
    "license": "none",
    "private": true
  }

yarn manifest: 
  No manifest

Lockfile: 
  No lockfile
